2026-04-25 16:03:53 - PhishGuard - INFO - Data loaded - URLs: 0, Emails: 0
2026-04-25 16:04:05 - PhishGuard - INFO - OPTIONS /check-url - 200 - 0.18ms
2026-04-25 16:04:05 - PhishGuard - INFO - POST /check-url - 200 - 63.16ms
2026-04-25 16:06:26 - PhishGuard - INFO - Data loaded - URLs: 0, Emails: 0
2026-04-25 16:06:57 - PhishGuard - INFO - OPTIONS /check-url - 200 - 0.12ms
2026-04-25 16:06:57 - PhishGuard - INFO - POST /check-url - 200 - 33.95ms
2026-04-25 16:07:55 - PhishGuard - INFO - Data loaded - URLs: 0, Emails: 0
2026-04-25 16:37:05 - PhishGuard - INFO - Data loaded - URLs: 0, Emails: 0
2026-04-25 16:37:26 - PhishGuard - INFO - OPTIONS /chat - 200 - 0.11ms
2026-04-25 16:37:26 - PhishGuard - INFO - Chat - User: web_user_17771152459, Message: nmap
2026-04-25 16:37:26 - PhishGuard - INFO - POST /chat - 200 - 15.11ms
2026-04-25 16:37:47 - PhishGuard - INFO - OPTIONS /chat - 200 - 0.11ms
2026-04-25 16:37:47 - PhishGuard - INFO - Chat - User: web_user_17771152676, Message: give me a road map of cyber security
2026-04-25 16:37:47 - PhishGuard - INFO - POST /chat - 200 - 0.79ms
2026-04-25 16:38:11 - PhishGuard - INFO - OPTIONS /chat - 200 - 0.09ms
2026-04-25 16:38:11 - PhishGuard - INFO - Chat - User: web_user_17771152915, Message: cybersecurity roadmap
2026-04-25 16:38:11 - PhishGuard - INFO - POST /chat - 200 - 0.99ms
2026-04-25 16:38:26 - PhishGuard - INFO - OPTIONS /chat - 200 - 0.12ms
2026-04-25 16:38:26 - PhishGuard - INFO - Chat - User: web_user_17771153066, Message: hydra
2026-04-25 16:38:26 - PhishGuard - INFO - POST /chat - 200 - 0.79ms
2026-04-25 16:38:35 - PhishGuard - INFO - OPTIONS /chat - 200 - 0.13ms
2026-04-25 16:38:35 - PhishGuard - INFO - Chat - User: web_user_17771153150, Message: hydra commands
2026-04-25 16:38:35 - PhishGuard - INFO - POST /chat - 200 - 0.92ms
2026-04-25 16:40:26 - PhishGuard - INFO - OPTIONS /chat - 200 - 0.08ms
2026-04-25 16:40:26 - PhishGuard - INFO - Chat - User: popup_user, Message: nmap
2026-04-25 16:40:26 - PhishGuard - INFO - POST /chat - 200 - 0.98ms
2026-04-25 16:45:23 - PhishGuard - INFO - OPTIONS /chat - 200 - 0.09ms
2026-04-25 16:45:24 - PhishGuard - INFO - Chat - User: web_user_17771157235, Message: hi
2026-04-25 16:45:24 - PhishGuard - INFO - POST /chat - 200 - 0.94ms
2026-04-25 16:45:33 - PhishGuard - INFO - OPTIONS /chat - 200 - 0.11ms
2026-04-25 16:45:34 - PhishGuard - INFO - Chat - User: web_user_17771157337, Message: xss
2026-04-25 16:45:34 - PhishGuard - INFO - POST /chat - 200 - 1.00ms
2026-04-25 16:46:10 - PhishGuard - INFO - OPTIONS /chat - 200 - 0.10ms
2026-04-25 16:46:17 - PhishGuard - INFO - OPTIONS /chat - 200 - 0.09ms
2026-04-25 16:46:21 - PhishGuard - INFO - OPTIONS /check-url - 200 - 0.09ms
2026-04-25 16:46:26 - PhishGuard - INFO - OPTIONS /chat - 200 - 0.10ms
2026-04-25 16:46:30 - PhishGuard - INFO - OPTIONS /check-email - 200 - 0.09ms
2026-04-25 16:46:36 - PhishGuard - INFO - OPTIONS /check-password - 200 - 0.08ms
2026-04-25 16:50:16 - PhishGuard - INFO - OPTIONS /check-url - 200 - 0.09ms
2026-04-25 16:50:23 - PhishGuard - INFO - OPTIONS /check-url - 200 - 0.09ms
2026-04-25 16:50:23 - PhishGuard - INFO - POST /check-url - 200 - 18.19ms
2026-04-25 16:50:29 - PhishGuard - INFO - OPTIONS /check-url - 200 - 0.08ms
2026-04-25 16:50:37 - PhishGuard - INFO - OPTIONS /check-email - 200 - 0.10ms
2026-04-25 16:50:37 - PhishGuard - INFO - POST /check-email - 200 - 16.11ms
2026-04-25 16:50:43 - PhishGuard - INFO - OPTIONS /check-password - 200 - 0.11ms
2026-04-25 17:42:47 - PhishGuard - INFO - OPTIONS /check-url - 200 - 0.10ms
2026-04-25 17:42:47 - PhishGuard - INFO - POST /check-url - 200 - 19.19ms
2026-04-25 17:42:55 - PhishGuard - INFO - OPTIONS /check-email - 200 - 0.08ms
2026-04-25 17:42:56 - PhishGuard - INFO - POST /check-email - 200 - 20.89ms
2026-04-25 17:43:02 - PhishGuard - INFO - OPTIONS /check-password - 200 - 0.09ms
2026-04-25 17:43:02 - PhishGuard - INFO - POST /check-password - 200 - 22.89ms
2026-04-25 17:43:14 - PhishGuard - INFO - OPTIONS /check-password - 200 - 0.10ms
2026-04-25 17:43:15 - PhishGuard - INFO - POST /check-password - 200 - 18.06ms
2026-04-25 17:43:37 - PhishGuard - INFO - OPTIONS /check-password - 200 - 0.09ms
2026-04-25 17:43:37 - PhishGuard - INFO - POST /check-password - 200 - 9.60ms
2026-04-25 17:44:02 - PhishGuard - INFO - OPTIONS /chat - 200 - 0.10ms
2026-04-25 17:44:02 - PhishGuard - INFO - Chat - User: web_user_17771192423, Message: hi
2026-04-25 17:44:02 - PhishGuard - INFO - POST /chat - 200 - 0.75ms
2026-04-25 17:44:16 - PhishGuard - INFO - OPTIONS /chat - 200 - 0.08ms
2026-04-25 17:44:17 - PhishGuard - INFO - Chat - User: web_user_17771192569, Message: project feature
2026-04-25 17:44:17 - PhishGuard - INFO - POST /chat - 200 - 0.82ms
2026-04-25 18:01:32 - PhishGuard - INFO - OPTIONS /check-url - 200 - 0.09ms
2026-04-25 18:01:33 - PhishGuard - INFO - POST /check-url - 200 - 26.84ms
2026-04-25 21:11:40 - PhishGuard - INFO - OPTIONS /check-password - 200 - 0.09ms
2026-04-25 21:11:40 - PhishGuard - INFO - POST /check-password - 200 - 17.85ms
2026-04-26 15:15:20 - PhishGuard - INFO - Data loaded - URLs: 0, Emails: 0
2026-04-26 15:15:21 - PhishGuard - INFO - Data loaded - URLs: 0, Emails: 0
2026-04-26 15:15:42 - PhishGuard - INFO - OPTIONS /check-url - 200 - 0.12ms
2026-04-26 16:36:05 - PhishGuard - INFO - OPTIONS /check-url - 200 - 0.56ms
2026-04-26 16:36:08 - PhishGuard - INFO - POST /check-url - 200 - 68.05ms
2026-04-26 16:36:21 - PhishGuard - INFO - OPTIONS /check-email - 200 - 0.13ms
2026-04-26 16:36:25 - PhishGuard - INFO - OPTIONS /check-password - 200 - 0.14ms
2026-04-26 16:36:31 - PhishGuard - INFO - OPTIONS /chat - 200 - 0.18ms
2026-04-26 16:36:38 - PhishGuard - INFO - OPTIONS /chat - 200 - 0.10ms
2026-04-26 18:05:08 - PhishGuard - INFO - OPTIONS /check-url - 200 - 0.60ms
2026-04-26 18:05:08 - PhishGuard - INFO - POST /check-url - 200 - 21.00ms
2026-04-26 18:06:48 - PhishGuard - INFO - OPTIONS /check-url - 200 - 0.16ms
2026-04-26 18:06:49 - PhishGuard - INFO - POST /check-url - 200 - 21.26ms
2026-04-26 18:11:04 - PhishGuard - INFO - OPTIONS /check-email - 200 - 0.09ms
2026-04-26 18:11:04 - PhishGuard - INFO - POST /check-email - 200 - 39.68ms
2026-04-26 18:11:16 - PhishGuard - INFO - OPTIONS /check-password - 200 - 0.15ms
2026-04-26 18:11:17 - PhishGuard - INFO - POST /check-password - 200 - 20.58ms
2026-04-26 18:11:27 - PhishGuard - INFO - OPTIONS /check-password - 200 - 0.09ms
2026-04-26 18:11:28 - PhishGuard - INFO - POST /check-password - 200 - 9.12ms
2026-04-26 18:11:37 - PhishGuard - INFO - OPTIONS /chat - 200 - 0.11ms
2026-04-26 18:11:38 - PhishGuard - INFO - Chat - User: web_user_17772072978, Message: hi
2026-04-26 18:11:38 - PhishGuard - INFO - POST /chat - 200 - 1.10ms
2026-04-26 22:15:27 - PhishGuard - INFO - OPTIONS /check-url - 200 - 0.11ms
2026-04-27 12:06:25 - PhishGuard - INFO - POST /check-url - 200 - 31.56ms
2026-04-27 12:06:25 - PhishGuard - INFO - POST /check-url - 200 - 22.52ms
2026-04-27 12:06:25 - PhishGuard - INFO - POST /check-url - 200 - 22.80ms
2026-04-27 12:06:25 - PhishGuard - INFO - POST /check-url - 200 - 22.40ms
2026-04-27 12:06:25 - PhishGuard - INFO - POST /check-url - 200 - 22.81ms
2026-04-27 12:06:25 - PhishGuard - INFO - POST /check-url - 200 - 23.27ms
2026-04-27 12:06:25 - PhishGuard - INFO - POST /check-url - 200 - 22.28ms
2026-04-27 12:06:25 - PhishGuard - INFO - POST /check-url - 200 - 22.15ms
2026-04-27 12:06:25 - PhishGuard - INFO - POST /check-url - 200 - 22.72ms
2026-04-27 12:06:25 - PhishGuard - INFO - POST /check-url - 200 - 25.51ms
2026-04-27 12:06:25 - PhishGuard - INFO - POST /check-url - 200 - 23.02ms
2026-04-27 12:06:25 - PhishGuard - INFO - POST /check-url - 200 - 24.87ms
2026-04-27 12:06:25 - PhishGuard - INFO - POST /check-url - 200 - 23.39ms
2026-04-27 12:06:25 - PhishGuard - INFO - POST /check-url - 200 - 22.42ms
2026-04-27 12:06:25 - PhishGuard - INFO - POST /check-url - 200 - 23.58ms
2026-04-27 22:25:30 - PhishGuard - INFO - OPTIONS /check-url - 200 - 0.29ms
2026-04-27 22:25:30 - PhishGuard - INFO - POST /check-url - 200 - 23.83ms
2026-04-27 22:25:50 - PhishGuard - INFO - OPTIONS /check-password - 200 - 0.12ms
2026-04-27 22:25:50 - PhishGuard - INFO - POST /check-password - 200 - 19.65ms
2026-04-27 22:26:17 - PhishGuard - INFO - OPTIONS /chat - 200 - 0.09ms
2026-04-27 22:26:17 - PhishGuard - INFO - Chat - User: web_user_17773089771, Message: hi
2026-04-27 22:26:17 - PhishGuard - INFO - POST /chat - 200 - 1.42ms
2026-04-27 22:27:01 - PhishGuard - INFO - OPTIONS /chat - 200 - 0.09ms
2026-04-27 22:27:02 - PhishGuard - INFO - Chat - User: web_user_17773090217, Message: burpsuite
2026-04-27 22:27:02 - PhishGuard - INFO - POST /chat - 200 - 1.09ms
2026-04-27 22:27:10 - PhishGuard - INFO - OPTIONS /chat - 200 - 0.12ms
2026-04-27 22:27:10 - PhishGuard - INFO - Chat - User: web_user_17773090301, Message: what nmap\
2026-04-27 22:27:10 - PhishGuard - INFO - POST /chat - 200 - 0.82ms
2026-04-28 18:55:43 - PhishGuard - INFO - POST /check-image - 200 - 1459.91ms
2026-04-28 19:08:09 - PhishGuard - INFO - OPTIONS /check-url - 200 - 0.41ms
2026-04-30 19:36:49 - PhishGuard - INFO - OPTIONS /check-url - 200 - 0.79ms
2026-04-30 19:36:49 - PhishGuard - INFO - POST /check-url - 200 - 30.97ms
2026-04-30 19:37:08 - PhishGuard - INFO - OPTIONS /check-url - 200 - 0.20ms
2026-04-30 19:37:08 - PhishGuard - INFO - POST /check-url - 200 - 33.72ms
2026-05-01 23:54:00 - PhishGuard - INFO - Data loaded - URLs: 0, Emails: 0
2026-05-01 23:54:02 - PhishGuard - INFO - Data loaded - URLs: 0, Emails: 0
2026-05-02 10:13:02 - PhishGuard - INFO - OPTIONS /check-url - 200 - 0.69ms
2026-05-02 10:13:02 - PhishGuard - INFO - POST /check-url - 200 - 43.65ms
2026-05-02 13:52:35 - PhishGuard - INFO - POST /check-url - 200 - 31.25ms
2026-05-02 13:52:35 - PhishGuard - INFO - POST /check-url - 200 - 25.48ms
2026-05-02 13:52:35 - PhishGuard - INFO - POST /check-url - 200 - 24.26ms
2026-05-02 13:52:36 - PhishGuard - INFO - POST /check-url - 200 - 25.91ms
2026-05-02 13:52:36 - PhishGuard - INFO - POST /check-url - 200 - 27.13ms
2026-05-02 13:52:36 - PhishGuard - INFO - POST /check-url - 200 - 24.43ms
2026-05-02 13:52:36 - PhishGuard - INFO - POST /check-url - 200 - 25.50ms
2026-05-02 13:52:36 - PhishGuard - INFO - POST /check-url - 200 - 24.64ms
2026-05-02 13:52:36 - PhishGuard - INFO - POST /check-url - 200 - 24.57ms
2026-05-02 13:52:36 - PhishGuard - INFO - POST /check-url - 200 - 24.96ms
2026-05-02 13:52:36 - PhishGuard - INFO - POST /check-url - 200 - 25.30ms
2026-05-02 13:52:36 - PhishGuard - INFO - POST /check-url - 200 - 23.31ms
2026-05-02 13:52:36 - PhishGuard - INFO - POST /check-url - 200 - 53.79ms
2026-05-02 13:52:36 - PhishGuard - INFO - POST /check-url - 200 - 24.36ms
2026-05-02 13:52:36 - PhishGuard - INFO - POST /check-url - 200 - 25.08ms
2026-05-02 13:52:36 - PhishGuard - INFO - POST /check-url - 200 - 23.51ms
2026-05-02 13:52:36 - PhishGuard - INFO - POST /check-url - 200 - 24.74ms
2026-05-02 13:52:36 - PhishGuard - INFO - POST /check-url - 200 - 23.82ms
2026-05-02 13:52:36 - PhishGuard - INFO - POST /check-url - 200 - 32.53ms
2026-05-02 13:52:36 - PhishGuard - INFO - POST /check-url - 200 - 25.11ms
2026-05-02 14:04:30 - PhishGuard - INFO - POST /check-url - 200 - 34.48ms
2026-05-02 14:04:30 - PhishGuard - INFO - POST /check-url - 200 - 24.85ms
2026-05-02 14:04:30 - PhishGuard - INFO - POST /check-url - 200 - 25.69ms
2026-05-02 14:04:30 - PhishGuard - INFO - POST /check-url - 200 - 24.92ms
2026-05-02 14:04:30 - PhishGuard - INFO - POST /check-url - 200 - 25.29ms
2026-05-02 14:04:30 - PhishGuard - INFO - POST /check-url - 200 - 27.28ms
2026-05-02 14:04:30 - PhishGuard - INFO - POST /check-url - 200 - 26.08ms
2026-05-02 14:04:30 - PhishGuard - INFO - POST /check-url - 200 - 25.38ms
2026-05-02 14:04:30 - PhishGuard - INFO - POST /check-url - 200 - 26.45ms
2026-05-02 14:04:30 - PhishGuard - INFO - POST /check-url - 200 - 25.65ms
2026-05-02 14:04:30 - PhishGuard - INFO - POST /check-url - 200 - 24.34ms
2026-05-02 14:04:30 - PhishGuard - INFO - POST /check-url - 200 - 24.75ms
2026-05-02 14:04:30 - PhishGuard - INFO - POST /check-url - 200 - 25.56ms
2026-05-02 14:04:30 - PhishGuard - INFO - POST /check-url - 200 - 24.85ms
2026-05-02 14:04:30 - PhishGuard - INFO - POST /check-url - 200 - 25.91ms
2026-05-02 14:04:31 - PhishGuard - INFO - POST /check-url - 200 - 34.04ms
2026-05-02 14:04:31 - PhishGuard - INFO - POST /check-url - 200 - 24.29ms
2026-05-02 14:04:31 - PhishGuard - INFO - POST /check-url - 200 - 26.40ms
2026-05-02 14:04:31 - PhishGuard - INFO - POST /check-url - 200 - 24.99ms
2026-05-02 14:04:31 - PhishGuard - INFO - POST /check-url - 200 - 26.61ms
2026-05-02 22:29:40 - PhishGuard - INFO - OPTIONS /check-url - 200 - 0.58ms
2026-05-02 22:29:41 - PhishGuard - INFO - POST /check-url - 200 - 28.94ms
2026-05-02 22:40:45 - PhishGuard - INFO - OPTIONS /chat - 200 - 0.09ms
2026-05-02 22:40:46 - PhishGuard - INFO - Chat - User: web_user_17777418456, Message: hi
2026-05-02 22:40:46 - PhishGuard - INFO - POST /chat - 200 - 2.54ms
2026-05-02 22:40:56 - PhishGuard - INFO - OPTIONS /chat - 200 - 0.09ms
2026-05-02 22:40:57 - PhishGuard - INFO - Chat - User: web_user_17777418569, Message: roadmap
2026-05-02 22:40:57 - PhishGuard - INFO - POST /chat - 200 - 0.84ms
2026-05-04 23:24:15 - PhishGuard - INFO - OPTIONS /check-url - 200 - 0.91ms
2026-05-05 13:55:21 - PhishGuard - INFO - OPTIONS /check-url - 200 - 0.09ms
2026-05-05 13:55:21 - PhishGuard - INFO - POST /check-url - 200 - 23.68ms
2026-05-05 16:21:53 - PhishGuard - INFO - OPTIONS /check-url - 200 - 0.35ms
2026-05-06 21:47:23 - PhishGuard - INFO - POST /check-image - 200 - 3642.00ms
2026-05-06 22:09:27 - PhishGuard - INFO - POST /check-url - 200 - 26.75ms
2026-05-06 22:09:27 - PhishGuard - INFO - POST /check-url - 200 - 25.44ms
2026-05-06 22:09:27 - PhishGuard - INFO - POST /check-url - 200 - 24.40ms
2026-05-06 22:09:27 - PhishGuard - INFO - POST /check-url - 200 - 23.56ms
2026-05-06 22:09:27 - PhishGuard - INFO - POST /check-url - 200 - 25.31ms
2026-05-06 22:09:27 - PhishGuard - INFO - POST /check-url - 200 - 25.38ms
2026-05-06 22:09:27 - PhishGuard - INFO - POST /check-url - 200 - 25.14ms
2026-05-06 22:09:27 - PhishGuard - INFO - POST /check-url - 200 - 25.78ms
2026-05-06 22:09:27 - PhishGuard - INFO - POST /check-url - 200 - 24.08ms
2026-05-06 22:09:27 - PhishGuard - INFO - POST /check-url - 200 - 24.84ms
2026-05-06 22:09:27 - PhishGuard - INFO - POST /check-url - 200 - 22.61ms
2026-05-06 22:09:27 - PhishGuard - INFO - POST /check-url - 200 - 22.85ms
2026-05-06 22:09:27 - PhishGuard - INFO - POST /check-url - 200 - 22.76ms
2026-05-06 22:09:27 - PhishGuard - INFO - POST /check-url - 200 - 23.44ms
2026-05-06 22:09:27 - PhishGuard - INFO - POST /check-url - 200 - 21.27ms
2026-05-06 22:09:28 - PhishGuard - INFO - POST /check-url - 200 - 22.17ms
2026-05-06 22:09:28 - PhishGuard - INFO - POST /check-url - 200 - 27.00ms
2026-05-06 22:09:28 - PhishGuard - INFO - POST /check-url - 200 - 22.14ms
2026-05-06 22:09:28 - PhishGuard - INFO - POST /check-url - 200 - 22.73ms
2026-05-06 22:09:28 - PhishGuard - INFO - POST /check-url - 200 - 22.04ms
2026-05-06 22:10:14 - PhishGuard - INFO - POST /check-url - 200 - 28.43ms
2026-05-06 22:10:14 - PhishGuard - INFO - POST /check-url - 200 - 23.97ms
2026-05-06 22:10:14 - PhishGuard - INFO - POST /check-url - 200 - 23.85ms
2026-05-06 22:10:14 - PhishGuard - INFO - POST /check-url - 200 - 24.08ms
2026-05-06 22:10:14 - PhishGuard - INFO - POST /check-url - 200 - 24.21ms
2026-05-06 22:10:14 - PhishGuard - INFO - POST /check-url - 200 - 23.85ms
2026-05-06 22:10:15 - PhishGuard - INFO - POST /check-url - 200 - 24.42ms
2026-05-06 22:10:15 - PhishGuard - INFO - POST /check-url - 200 - 23.46ms
2026-05-06 22:10:15 - PhishGuard - INFO - POST /check-url - 200 - 23.45ms
2026-05-06 22:10:15 - PhishGuard - INFO - POST /check-url - 200 - 23.31ms
2026-05-06 22:10:15 - PhishGuard - INFO - POST /check-url - 200 - 23.91ms
2026-05-06 22:10:15 - PhishGuard - INFO - POST /check-url - 200 - 23.43ms
2026-05-06 22:10:15 - PhishGuard - INFO - POST /check-url - 200 - 22.83ms
2026-05-06 22:10:15 - PhishGuard - INFO - POST /check-url - 200 - 24.15ms
2026-05-06 22:10:15 - PhishGuard - INFO - POST /check-url - 200 - 23.52ms
2026-05-06 22:10:15 - PhishGuard - INFO - POST /check-url - 200 - 24.07ms
2026-05-06 22:10:15 - PhishGuard - INFO - POST /check-url - 200 - 26.11ms
2026-05-06 22:10:15 - PhishGuard - INFO - POST /check-url - 200 - 21.82ms
2026-05-06 22:10:15 - PhishGuard - INFO - POST /check-url - 200 - 21.99ms
2026-05-06 22:10:15 - PhishGuard - INFO - POST /check-url - 200 - 25.52ms
2026-05-06 22:10:29 - PhishGuard - INFO - POST /check-url - 200 - 23.87ms
2026-05-06 22:10:29 - PhishGuard - INFO - POST /check-url - 200 - 23.69ms
2026-05-06 22:10:29 - PhishGuard - INFO - POST /check-url - 200 - 24.22ms
2026-05-06 22:10:29 - PhishGuard - INFO - POST /check-url - 200 - 33.81ms
2026-05-06 22:10:29 - PhishGuard - INFO - POST /check-url - 200 - 25.92ms
2026-05-06 22:10:29 - PhishGuard - INFO - POST /check-url - 200 - 23.30ms
2026-05-06 22:10:29 - PhishGuard - INFO - POST /check-url - 200 - 24.05ms
2026-05-06 22:10:29 - PhishGuard - INFO - POST /check-url - 200 - 23.24ms
2026-05-06 22:10:29 - PhishGuard - INFO - POST /check-url - 200 - 23.45ms
2026-05-06 22:10:29 - PhishGuard - INFO - POST /check-url - 200 - 22.59ms
2026-05-06 22:10:29 - PhishGuard - INFO - POST /check-url - 200 - 24.09ms
2026-05-06 22:10:29 - PhishGuard - INFO - POST /check-url - 200 - 27.24ms
2026-05-06 22:10:29 - PhishGuard - INFO - POST /check-url - 200 - 22.81ms
2026-05-06 22:10:29 - PhishGuard - INFO - POST /check-url - 200 - 21.48ms
2026-05-06 22:10:29 - PhishGuard - INFO - POST /check-url - 200 - 23.26ms
2026-05-06 22:10:29 - PhishGuard - INFO - POST /check-url - 200 - 22.77ms
2026-05-06 22:10:29 - PhishGuard - INFO - POST /check-url - 200 - 21.98ms
2026-05-06 22:10:29 - PhishGuard - INFO - POST /check-url - 200 - 21.34ms
2026-05-06 22:10:30 - PhishGuard - INFO - POST /check-url - 200 - 23.39ms
2026-05-06 22:10:30 - PhishGuard - INFO - POST /check-url - 200 - 22.72ms
2026-05-06 22:11:06 - PhishGuard - INFO - POST /check-url - 200 - 69.37ms
2026-05-06 22:11:06 - PhishGuard - INFO - POST /check-url - 200 - 31.77ms
2026-05-06 22:11:06 - PhishGuard - INFO - POST /check-url - 200 - 24.86ms
2026-05-06 22:11:06 - PhishGuard - INFO - POST /check-url - 200 - 23.37ms
2026-05-06 22:11:06 - PhishGuard - INFO - POST /check-url - 200 - 23.84ms
2026-05-06 22:11:06 - PhishGuard - INFO - POST /check-url - 200 - 25.58ms
2026-05-06 22:11:06 - PhishGuard - INFO - POST /check-url - 200 - 25.65ms
2026-05-06 22:11:06 - PhishGuard - INFO - POST /check-url - 200 - 27.77ms
2026-05-06 22:11:06 - PhishGuard - INFO - POST /check-url - 200 - 26.20ms
2026-05-06 22:11:06 - PhishGuard - INFO - POST /check-url - 200 - 25.18ms
2026-05-06 22:11:06 - PhishGuard - INFO - POST /check-url - 200 - 27.83ms
2026-05-06 22:11:06 - PhishGuard - INFO - POST /check-url - 200 - 25.82ms
2026-05-06 22:11:06 - PhishGuard - INFO - POST /check-url - 200 - 28.21ms
2026-05-06 22:11:06 - PhishGuard - INFO - POST /check-url - 200 - 27.57ms
2026-05-06 22:11:06 - PhishGuard - INFO - POST /check-url - 200 - 22.92ms
2026-05-06 22:11:06 - PhishGuard - INFO - POST /check-url - 200 - 23.15ms
2026-05-06 22:11:07 - PhishGuard - INFO - POST /check-url - 200 - 24.07ms
2026-05-06 22:11:07 - PhishGuard - INFO - POST /check-url - 200 - 23.00ms
2026-05-06 22:11:07 - PhishGuard - INFO - POST /check-url - 200 - 23.50ms
2026-05-06 22:11:07 - PhishGuard - INFO - POST /check-url - 200 - 23.62ms
2026-05-06 22:11:29 - PhishGuard - INFO - POST /check-url - 200 - 34.12ms
2026-05-06 22:11:29 - PhishGuard - INFO - POST /check-url - 200 - 23.74ms
2026-05-06 22:11:29 - PhishGuard - INFO - POST /check-url - 200 - 23.45ms
2026-05-06 22:11:29 - PhishGuard - INFO - POST /check-url - 200 - 25.35ms
2026-05-06 22:11:29 - PhishGuard - INFO - POST /check-url - 200 - 23.31ms
2026-05-06 22:11:29 - PhishGuard - INFO - POST /check-url - 200 - 26.53ms
2026-05-06 22:11:29 - PhishGuard - INFO - POST /check-url - 200 - 24.51ms
2026-05-06 22:11:29 - PhishGuard - INFO - POST /check-url - 200 - 23.92ms
2026-05-06 22:11:29 - PhishGuard - INFO - POST /check-url - 200 - 24.25ms
2026-05-06 22:11:29 - PhishGuard - INFO - POST /check-url - 200 - 26.02ms
2026-05-06 22:11:29 - PhishGuard - INFO - POST /check-url - 200 - 23.94ms
2026-05-06 22:11:29 - PhishGuard - INFO - POST /check-url - 200 - 25.07ms
2026-05-06 22:11:29 - PhishGuard - INFO - POST /check-url - 200 - 23.60ms
2026-05-06 22:11:29 - PhishGuard - INFO - POST /check-url - 200 - 24.56ms
2026-05-06 22:11:30 - PhishGuard - INFO - POST /check-url - 200 - 24.73ms
2026-05-06 22:11:30 - PhishGuard - INFO - POST /check-url - 200 - 25.54ms
2026-05-06 22:11:30 - PhishGuard - INFO - POST /check-url - 200 - 27.73ms
2026-05-06 22:11:30 - PhishGuard - INFO - POST /check-url - 200 - 24.32ms
2026-05-06 22:11:30 - PhishGuard - INFO - POST /check-url - 200 - 22.97ms
2026-05-06 22:11:30 - PhishGuard - INFO - POST /check-url - 200 - 27.29ms
2026-05-06 22:11:51 - PhishGuard - INFO - POST /check-url - 200 - 25.36ms
2026-05-06 22:11:51 - PhishGuard - INFO - POST /check-url - 200 - 22.63ms
2026-05-06 22:11:51 - PhishGuard - INFO - POST /check-url - 200 - 23.08ms
2026-05-06 22:11:51 - PhishGuard - INFO - POST /check-url - 200 - 22.45ms
2026-05-06 22:11:51 - PhishGuard - INFO - POST /check-url - 200 - 23.41ms
2026-05-06 22:11:51 - PhishGuard - INFO - POST /check-url - 200 - 23.47ms
2026-05-06 22:11:51 - PhishGuard - INFO - POST /check-url - 200 - 28.29ms
2026-05-06 22:11:51 - PhishGuard - INFO - POST /check-url - 200 - 23.09ms
2026-05-06 22:11:51 - PhishGuard - INFO - POST /check-url - 200 - 23.85ms
2026-05-06 22:11:51 - PhishGuard - INFO - POST /check-url - 200 - 24.57ms
2026-05-06 22:11:51 - PhishGuard - INFO - POST /check-url - 200 - 24.99ms
2026-05-06 22:11:51 - PhishGuard - INFO - POST /check-url - 200 - 24.03ms
2026-05-06 22:11:51 - PhishGuard - INFO - POST /check-url - 200 - 25.01ms
2026-05-06 22:11:51 - PhishGuard - INFO - POST /check-url - 200 - 25.08ms
2026-05-06 22:11:51 - PhishGuard - INFO - POST /check-url - 200 - 23.08ms
2026-05-06 22:11:51 - PhishGuard - INFO - POST /check-url - 200 - 22.25ms
2026-05-06 22:11:51 - PhishGuard - INFO - POST /check-url - 200 - 24.24ms
2026-05-06 22:11:51 - PhishGuard - INFO - POST /check-url - 200 - 21.93ms
2026-05-06 22:11:51 - PhishGuard - INFO - POST /check-url - 200 - 23.78ms
2026-05-06 22:11:51 - PhishGuard - INFO - POST /check-url - 200 - 22.98ms
2026-05-06 22:12:42 - PhishGuard - INFO - POST /check-url - 200 - 24.18ms
2026-05-06 22:12:42 - PhishGuard - INFO - POST /check-url - 200 - 24.85ms
2026-05-06 22:12:42 - PhishGuard - INFO - POST /check-url - 200 - 24.12ms
2026-05-06 22:12:42 - PhishGuard - INFO - POST /check-url - 200 - 23.14ms
2026-05-06 22:12:42 - PhishGuard - INFO - POST /check-url - 200 - 23.69ms
2026-05-06 22:12:42 - PhishGuard - INFO - POST /check-url - 200 - 23.42ms
2026-05-06 22:12:42 - PhishGuard - INFO - POST /check-url - 200 - 23.95ms
2026-05-06 22:12:42 - PhishGuard - INFO - POST /check-url - 200 - 23.85ms
2026-05-06 22:12:42 - PhishGuard - INFO - POST /check-url - 200 - 23.49ms
2026-05-06 22:12:42 - PhishGuard - INFO - POST /check-url - 200 - 25.12ms
2026-05-06 22:12:42 - PhishGuard - INFO - POST /check-url - 200 - 23.52ms
2026-05-06 22:12:42 - PhishGuard - INFO - POST /check-url - 200 - 23.38ms
2026-05-06 22:12:43 - PhishGuard - INFO - POST /check-url - 200 - 22.70ms
2026-05-06 22:12:43 - PhishGuard - INFO - POST /check-url - 200 - 23.45ms
2026-05-06 22:12:43 - PhishGuard - INFO - POST /check-url - 200 - 24.37ms
2026-05-06 22:12:43 - PhishGuard - INFO - POST /check-url - 200 - 26.63ms
2026-05-06 22:12:43 - PhishGuard - INFO - POST /check-url - 200 - 23.70ms
2026-05-06 22:12:51 - PhishGuard - INFO - POST /check-url - 200 - 34.29ms
2026-05-06 22:12:51 - PhishGuard - INFO - POST /check-url - 200 - 24.00ms
2026-05-06 22:12:51 - PhishGuard - INFO - POST /check-url - 200 - 25.42ms
2026-05-06 22:12:51 - PhishGuard - INFO - POST /check-url - 200 - 25.31ms
2026-05-06 22:12:51 - PhishGuard - INFO - POST /check-url - 200 - 24.79ms
2026-05-06 22:12:52 - PhishGuard - INFO - POST /check-url - 200 - 24.37ms
2026-05-06 22:12:52 - PhishGuard - INFO - POST /check-url - 200 - 25.96ms
2026-05-06 22:12:52 - PhishGuard - INFO - POST /check-url - 200 - 26.29ms
2026-05-06 22:12:52 - PhishGuard - INFO - POST /check-url - 200 - 25.11ms
2026-05-06 22:12:52 - PhishGuard - INFO - POST /check-url - 200 - 26.72ms
2026-05-06 22:12:52 - PhishGuard - INFO - POST /check-url - 200 - 22.59ms
2026-05-06 22:12:52 - PhishGuard - INFO - POST /check-url - 200 - 25.03ms
2026-05-06 22:12:52 - PhishGuard - INFO - POST /check-url - 200 - 24.78ms
2026-05-06 22:12:52 - PhishGuard - INFO - POST /check-url - 200 - 26.10ms
2026-05-06 22:12:52 - PhishGuard - INFO - POST /check-url - 200 - 26.57ms
2026-05-06 22:14:56 - PhishGuard - INFO - POST /check-url - 200 - 40.02ms
2026-05-06 22:14:56 - PhishGuard - INFO - POST /check-url - 200 - 24.26ms
2026-05-06 22:14:56 - PhishGuard - INFO - POST /check-url - 200 - 23.82ms
2026-05-06 22:14:56 - PhishGuard - INFO - POST /check-url - 200 - 24.28ms
2026-05-06 22:14:56 - PhishGuard - INFO - POST /check-url - 200 - 25.48ms
2026-05-06 22:14:56 - PhishGuard - INFO - POST /check-url - 200 - 26.51ms
2026-05-06 22:14:56 - PhishGuard - INFO - POST /check-url - 200 - 24.04ms
2026-05-06 22:14:56 - PhishGuard - INFO - POST /check-url - 200 - 28.55ms
2026-05-06 22:14:56 - PhishGuard - INFO - POST /check-url - 200 - 26.43ms
2026-05-06 22:14:56 - PhishGuard - INFO - POST /check-url - 200 - 25.46ms
2026-05-06 22:14:56 - PhishGuard - INFO - POST /check-url - 200 - 26.15ms
2026-05-06 22:14:56 - PhishGuard - INFO - POST /check-url - 200 - 25.31ms
2026-05-06 22:14:56 - PhishGuard - INFO - POST /check-url - 200 - 25.18ms
2026-05-06 22:14:56 - PhishGuard - INFO - POST /check-url - 200 - 24.80ms
2026-05-06 22:14:57 - PhishGuard - INFO - POST /check-url - 200 - 26.39ms
2026-05-06 22:42:31 - PhishGuard - INFO - OPTIONS /check-url - 200 - 0.61ms
2026-05-07 10:58:20 - PhishGuard - INFO - Data loaded - URLs: 0, Emails: 0
2026-05-07 10:58:21 - PhishGuard - INFO - Data loaded - URLs: 0, Emails: 0
2026-05-07 10:59:35 - PhishGuard - INFO - OPTIONS /check-url - 200 - 0.13ms
2026-05-07 11:14:35 - PhishGuard - INFO - OPTIONS /check-url - 200 - 0.15ms
2026-05-08 08:15:17 - PhishGuard - INFO - OPTIONS /check-url - 200 - 0.73ms
2026-05-08 08:15:17 - PhishGuard - INFO - POST /check-url - 200 - 54.05ms
2026-05-08 08:15:39 - PhishGuard - INFO - OPTIONS /check-url - 200 - 0.20ms
2026-05-08 08:15:39 - PhishGuard - INFO - POST /check-url - 200 - 28.69ms
2026-05-08 08:15:55 - PhishGuard - INFO - OPTIONS /check-email - 200 - 0.08ms
2026-05-08 08:15:55 - PhishGuard - INFO - POST /check-email - 200 - 42.06ms
2026-05-08 08:17:06 - PhishGuard - INFO - OPTIONS /check-content - 200 - 0.08ms
2026-05-08 08:17:06 - PhishGuard - INFO - POST /check-content - 200 - 9.44ms
2026-05-08 08:17:37 - PhishGuard - INFO - OPTIONS /check-password - 200 - 0.16ms
2026-05-08 08:17:37 - PhishGuard - INFO - POST /check-password - 200 - 19.42ms
2026-05-08 11:34:36 - PhishGuard - INFO - Data loaded - URLs: 0, Emails: 0
2026-05-08 11:34:37 - PhishGuard - INFO - Data loaded - URLs: 0, Emails: 0
2026-05-08 11:35:03 - PhishGuard - INFO - OPTIONS /check-url - 200 - 0.11ms
2026-05-09 18:04:22 - PhishGuard - INFO - Data loaded - URLs: 0, Emails: 0
2026-05-09 18:04:23 - PhishGuard - INFO - Data loaded - URLs: 0, Emails: 0
2026-05-09 19:01:28 - PhishGuard - INFO - OPTIONS /check-url - 200 - 0.41ms
2026-05-09 19:01:31 - PhishGuard - INFO - POST /check-url - 200 - 44.23ms
